POST /user/register 201 252 - 421.190 ms
POST /users/login 200 183 - 697.530 ms
POST /users/login 200 183 - 327.832 ms
GET /user/account 500 33 - 8.067 ms
GET /user/account 404 30 - 8.584 ms
GET /user/account 500 17 - 13.601 ms
GET /user/account 200 252 - 96.789 ms
POST /user/login 404 150 - 5.402 ms
POST /user/login 200 183 - 546.929 ms
PUT /user/account 404 151 - 1.982 ms
PUT /user/update 404 30 - 1.444 ms
PUT /user/update 400 111 - 131.658 ms
PUT /user/update 200 221 - 71.194 ms
PUT /user/update 200 215 - 121.327 ms
PUT /user/update 400 112 - 85.987 ms
POST /user/register 201 252 - 341.419 ms
PUT /user/update 400 112 - 12.245 ms
PUT /user/update 200 215 - 26.415 ms
POST /user/login 200 183 - 428.375 ms
DELETE /user/delete 200 252 - 18.878 ms
DELETE /user/delete 200 4 - 7.282 ms
PUT /user/update 400 112 - 14.651 ms
PUT /user/update 500 33 - 122.732 ms
PUT /user/update 200 214 - 365.495 ms
PUT /user/update 500 33 - 63.587 ms
PUT /user/update 500 33 - 111.498 ms
PUT /user/update 400 112 - 112.810 ms
PUT /user/update 500 33 - 38.138 ms
PUT /user/update 400 115 - 122.862 ms
PUT /user/update 200 272 - 468.681 ms
